c:\users\administrator\documents\visual studio 2013\projects\treemode20191117\treemode20191117\debug\vc120.pdb
c:\users\administrator\documents\visual studio 2013\projects\treemode20191117\treemode20191117\debug\treeusermode.obj
c:\users\administrator\documents\visual studio 2013\projects\treemode20191117\treemode20191117\debug\treemodel.obj
c:\users\administrator\documents\visual studio 2013\projects\treemode20191117\treemode20191117\debug\treemode20191117.obj
c:\users\administrator\documents\visual studio 2013\projects\treemode20191117\treemode20191117\debug\treeitemmimedata.obj
c:\users\administrator\documents\visual studio 2013\projects\treemode20191117\treemode20191117\debug\treeitem.obj
c:\users\administrator\documents\visual studio 2013\projects\treemode20191117\treemode20191117\debug\tinyxmlparser.obj
c:\users\administrator\documents\visual studio 2013\projects\treemode20191117\treemode20191117\debug\tinyxmlerror.obj
c:\users\administrator\documents\visual studio 2013\projects\treemode20191117\treemode20191117\debug\tinyxml.obj
c:\users\administrator\documents\visual studio 2013\projects\treemode20191117\treemode20191117\debug\tinystr.obj
c:\users\administrator\documents\visual studio 2013\projects\treemode20191117\treemode20191117\debug\mytreeview.obj
c:\users\administrator\documents\visual studio 2013\projects\treemode20191117\treemode20191117\debug\mymodelwidget.obj
c:\users\administrator\documents\visual studio 2013\projects\treemode20191117\treemode20191117\debug\main.obj
c:\users\administrator\documents\visual studio 2013\projects\treemode20191117\treemode20191117\debug\moc_treeviewsearchline.obj
c:\users\administrator\documents\visual studio 2013\projects\treemode20191117\treemode20191117\debug\moc_treeusermode.obj
c:\users\administrator\documents\visual studio 2013\projects\treemode20191117\treemode20191117\debug\moc_treemodel.obj
c:\users\administrator\documents\visual studio 2013\projects\treemode20191117\treemode20191117\debug\moc_treemode20191117.obj
c:\users\administrator\documents\visual studio 2013\projects\treemode20191117\treemode20191117\debug\moc_treeitemmimedata.obj
c:\users\administrator\documents\visual studio 2013\projects\treemode20191117\treemode20191117\debug\moc_treeitem.obj
c:\users\administrator\documents\visual studio 2013\projects\treemode20191117\treemode20191117\debug\moc_mytreeview.obj
c:\users\administrator\documents\visual studio 2013\projects\treemode20191117\treemode20191117\debug\moc_mymodelwidget.obj
c:\users\administrator\documents\visual studio 2013\projects\treemode20191117\treemode20191117\debug\xmlfile.obj
c:\users\administrator\documents\visual studio 2013\projects\treemode20191117\treemode20191117\debug\treeviewsearchline.obj
c:\users\administrator\documents\visual studio 2013\projects\treemode20191117\treemode20191117\debug\treeviewmaneger.obj
c:\users\administrator\documents\visual studio 2013\projects\treemode20191117\treemode20191117\debug\treeview.obj
c:\users\administrator\documents\visual studio 2013\projects\treemode20191117\treemode20191117\debug\qrc_treemode20191117.obj
c:\users\administrator\documents\visual studio 2013\projects\treemode20191117\treemode20191117\generatedfiles\debug\moc_treemode20191117.cpp
c:\users\administrator\documents\visual studio 2013\projects\treemode20191117\treemode20191117\generatedfiles\ui_treemode20191117.h
c:\users\administrator\documents\visual studio 2013\projects\treemode20191117\treemode20191117\generatedfiles\debug\moc_treeitem.cpp
c:\users\administrator\documents\visual studio 2013\projects\treemode20191117\treemode20191117\generatedfiles\debug\moc_treeusermode.cpp
c:\users\administrator\documents\visual studio 2013\projects\treemode20191117\treemode20191117\generatedfiles\debug\moc_treeviewsearchline.cpp
c:\users\administrator\documents\visual studio 2013\projects\treemode20191117\treemode20191117\generatedfiles\debug\moc_treemodel.cpp
c:\users\administrator\documents\visual studio 2013\projects\treemode20191117\treemode20191117\generatedfiles\debug\moc_treeitemmimedata.cpp
c:\users\administrator\documents\visual studio 2013\projects\treemode20191117\treemode20191117\generatedfiles\debug\moc_mytreeview.cpp
c:\users\administrator\documents\visual studio 2013\projects\treemode20191117\treemode20191117\generatedfiles\debug\moc_mymodelwidget.cpp
c:\users\administrator\documents\visual studio 2013\projects\treemode20191117\treemode20191117\generatedfiles\qrc_treemode20191117.cpp
c:\users\administrator\documents\visual studio 2013\projects\treemode20191117\treemode20191117\generatedfiles\ui_mymodelwidget.h
c:\users\administrator\documents\visual studio 2013\projects\treemode20191117\win32\debug\treemode20191117.ilk
c:\users\administrator\documents\visual studio 2013\projects\treemode20191117\win32\debug\treemode20191117.exe
c:\users\administrator\documents\visual studio 2013\projects\treemode20191117\win32\debug\treemode20191117.pdb
c:\users\administrator\documents\visual studio 2013\projects\treemode20191117\treemode20191117\debug\treemode20191117.tlog\cl.command.1.tlog
c:\users\administrator\documents\visual studio 2013\projects\treemode20191117\treemode20191117\debug\treemode20191117.tlog\cl.read.1.tlog
c:\users\administrator\documents\visual studio 2013\projects\treemode20191117\treemode20191117\debug\treemode20191117.tlog\cl.write.1.tlog
c:\users\administrator\documents\visual studio 2013\projects\treemode20191117\treemode20191117\debug\treemode20191117.tlog\custombuild.command.1.tlog
c:\users\administrator\documents\visual studio 2013\projects\treemode20191117\treemode20191117\debug\treemode20191117.tlog\custombuild.read.1.tlog
c:\users\administrator\documents\visual studio 2013\projects\treemode20191117\treemode20191117\debug\treemode20191117.tlog\custombuild.write.1.tlog
c:\users\administrator\documents\visual studio 2013\projects\treemode20191117\treemode20191117\debug\treemode20191117.tlog\link.command.1.tlog
c:\users\administrator\documents\visual studio 2013\projects\treemode20191117\treemode20191117\debug\treemode20191117.tlog\link.read.1.tlog
c:\users\administrator\documents\visual studio 2013\projects\treemode20191117\treemode20191117\debug\treemode20191117.tlog\link.write.1.tlog
